<?xml version="1.0" encoding="UTF-8"?>
<!-- Generated by org.testng.reporters.JUnitReportReporter -->
<testsuite hostname="NODE175" name="jenkin.Jenkins" tests="1" failures="0" timestamp="7 Nov 2014 05:52:08 GMT" time="0.020" errors="0">
  <testcase name="testJenkins" time="0.020" classname="jenkin.Jenkins"/>
</testsuite> <!-- jenkin.Jenkins -->
